# JRE version: OpenJDK Runtime Environment (19.0.2+7) (build 19.0.2+7-44)
# Java VM: OpenJDK 64-Bit Server VM (19.0.2+7-44, mixed mode, emulated-client, sharing, tiered, compressed oops, compressed class ptrs, g1 gc, windows-amd64)
GC Precious Log:
 CardTable entry size: 512
 Card Set container configuration: InlinePtr #cards 5 size 8 Array Of Cards #cards 12 size 40 Howl #buckets 4 coarsen threshold 1843 Howl Bitmap #cards 512 size 80 coarsen threshold 460 Card regions per heap region 1 cards per card region 2048
 CPUs: 2 total, 2 available
 Memory: 7638M
 Large Page Support: Disabled
 NUMA Support: Disabled
 Compressed Oops: Enabled (32-bit)
 Heap Region Size: 1M
 Heap Min Capacity: 8M
 Heap Initial Capacity: 120M
 Heap Max Capacity: 1910M
 Pre-touch: Disabled
 Parallel Workers: 2
 Concurrent Workers: 1
 Concurrent Refinement Workers: 2
 Periodic GC: Disabled
Heap:
 garbage-first heap   total 122880K, used 23380K [0x0000000088a00000, 0x0000000100000000)
  region size 1024K, 18 young (18432K), 2 survivors (2048K)
 Metaspace       used 13535K, committed 13824K, reserved 1114112K
  class space    used 1738K, committed 1856K, reserved 1048576K
GC Heap History (8 events):
Event: 3.115 GC heap before
{Heap before GC invocations=0 (full 0):
 garbage-first heap   total 122880K, used 6144K [0x0000000088a00000, 0x0000000100000000)
  region size 1024K, 6 young (6144K), 0 survivors (0K)
 Metaspace       used 321K, committed 512K, reserved 1114112K
  class space    used 24K, committed 128K, reserved 1048576K
}
Event: 3.906 GC heap after
{Heap after GC invocations=1 (full 0):
 garbage-first heap   total 122880K, used 4838K [0x0000000088a00000, 0x0000000100000000)
  region size 1024K, 1 young (1024K), 1 survivors (1024K)
 Metaspace       used 321K, committed 512K, reserved 1114112K
  class space    used 24K, committed 128K, reserved 1048576K
}
Event: 5.581 GC heap before
{Heap before GC invocations=1 (full 0):
 garbage-first heap   total 122880K, used 9958K [0x0000000088a00000, 0x0000000100000000)
  region size 1024K, 6 young (6144K), 1 survivors (1024K)
 Metaspace       used 3275K, committed 3520K, reserved 1114112K
  class space    used 378K, committed 512K, reserved 1048576K
}
Event: 5.586 GC heap after
{Heap after GC invocations=2 (full 0):
 garbage-first heap   total 122880K, used 5733K [0x0000000088a00000, 0x0000000100000000)
  region size 1024K, 1 young (1024K), 1 survivors (1024K)
 Metaspace       used 3275K, committed 3520K, reserved 1114112K
  class space    used 378K, committed 512K, reserved 1048576K
}
Event: 7.946 GC heap before
{Heap before GC invocations=2 (full 0):
 garbage-first heap   total 122880K, used 13925K [0x0000000088a00000, 0x0000000100000000)
  region size 1024K, 9 young (9216K), 1 survivors (1024K)
 Metaspace       used 6898K, committed 7168K, reserved 1114112K
  class space    used 797K, committed 896K, reserved 1048576K
}
Event: 7.957 GC heap after
{Heap after GC invocations=3 (full 0):
 garbage-first heap   total 122880K, used 7783K [0x0000000088a00000, 0x0000000100000000)
  region size 1024K, 2 young (2048K), 2 survivors (2048K)
 Metaspace       used 6898K, committed 7168K, reserved 1114112K
  class space    used 797K, committed 896K, reserved 1048576K
}
Event: 9.641 GC heap before
{Heap before GC invocations=3 (full 0):
 garbage-first heap   total 122880K, used 21095K [0x0000000088a00000, 0x0000000100000000)
  region size 1024K, 16 young (16384K), 2 survivors (2048K)
 Metaspace       used 10000K, committed 10304K, reserved 1114112K
  class space    used 1244K, committed 1408K, reserved 1048576K
}
Event: 9.653 GC heap after
{Heap after GC invocations=4 (full 0):
 garbage-first heap   total 122880K, used 9044K [0x0000000088a00000, 0x0000000100000000)
  region size 1024K, 2 young (2048K), 2 survivors (2048K)
 Metaspace       used 10000K, committed 10304K, reserved 1114112K
  class space    used 1244K, committed 1408K, reserved 1048576K
}

